2025-10-08 12:52:00 | DEBUG | repo=PSlab | action=commit
2025-07-10 14:16:00 | DEBUG | repo=PSlab | action=commit
2025-03-01 08:18:00 | DEBUG | repo=PSlab | action=commit
2025-12-07 14:51:00 | INFO | repo=PSlab | action=test | passed=true
2025-05-05 16:04:00 | WARN | repo=PSlab | action=test | passed=true
2025-11-11 07:04:00 | INFO | repo=PSlab | action=commit
2025-01-11 11:42:00 | DEBUG | repo=PSlab | action=commit
2025-10-10 07:31:00 | INFO | repo=PSlab | action=commit
2025-06-20 09:08:00 | DEBUG | repo=PSlab | action=commit
2025-06-21 20:17:00 | WARN | repo=PSlab | action=pull
2025-09-13 09:18:00 | INFO | repo=PSlab | action=commit
2025-08-06 14:04:00 | WARN | repo=PSlab | action=commit
2025-07-03 21:19:00 | DEBUG | repo=PSlab | action=test | passed=true
2025-10-22 21:28:00 | DEBUG | repo=PSlab | action=commit
2025-06-11 21:27:00 | INFO | repo=PSlab | action=commit
2025-03-08 12:31:00 | DEBUG | repo=PSlab | action=commit
2025-10-01 16:25:00 | DEBUG | repo=PSlab | action=commit
2025-09-26 19:15:00 | INFO | repo=PSlab | action=commit
2025-05-24 11:28:00 | WARN | repo=PSlab | action=commit
2025-11-10 16:14:00 | DEBUG | repo=PSlab | action=commit
